[debug] [2024-02-09T19:09:08.731Z] ----------------------------------------------------------------------
[debug] [2024-02-09T19:09:08.732Z] Command:       C:\Apps\Utils\node.exe C:\Users\khmag\AppData\Roaming\npm\node_modules\firebase-tools\lib\bin\firebase.js init
[debug] [2024-02-09T19:09:08.733Z] CLI Version:   13.1.0
[debug] [2024-02-09T19:09:08.733Z] Platform:      win32
[debug] [2024-02-09T19:09:08.733Z] Node Version:  v18.18.2
[debug] [2024-02-09T19:09:08.734Z] Time:          Sat Feb 10 2024 00:09:08 GMT+0500 (Екатеринбург, стандартное время)
[debug] [2024-02-09T19:09:08.734Z] ----------------------------------------------------------------------
[debug] 
[debug] [2024-02-09T19:09:08.790Z] > command requires scopes: ["email","openid","https://www.googleapis.com/auth/cloudplatformprojects.readonly","https://www.googleapis.com/auth/firebase","https://www.googleapis.com/auth/cloud-platform"]
[debug] [2024-02-09T19:09:08.791Z] > authorizing via signed-in user (123454321magomed@gmail.com)
[info] 
     ######## #### ########  ######## ########     ###     ######  ########
     ##        ##  ##     ## ##       ##     ##  ##   ##  ##       ##
     ######    ##  ########  ######   ########  #########  ######  ######
     ##        ##  ##    ##  ##       ##     ## ##     ##       ## ##
     ##       #### ##     ## ######## ########  ##     ##  ######  ########

You're about to initialize a Firebase project in this directory:

  C:\Projects\Test Tasks\spanish_dictionary--escuela

Before we get started, keep in mind:

  * You are currently outside your home directory
  * You are initializing within an existing Firebase project directory

